15:23:08 **** Build of configuration Debug for project string_vector ****
make all 
Building file: ../string_vector.c
Invoking: Cross GCC Compiler
gcc -std=c99 -O3 -g3 -Wall -c -fmessage-length=0 -fPIC -MMD -MP -MF"string_vector.d" -MT"string_vector.o" -o "string_vector.o" "../string_vector.c"
../string_vector.c:68:3: warning: implicit declaration of function 'fpritnf' is invalid in C99 [-Wimplicit-function-declaration]
                fpritnf(stderr, "NULL string vector passed for string_vector_can_grow\n");
                ^
../string_vector.c:83:10: error: conflicting types for 'string_vector_grow'
unsigned string_vector_grow(StringVector string_vector) {
         ^
../string_vector.h:45:5: note: previous declaration is here
int string_vector_grow(StringVector string_vector);
    ^
1 warning and 1 error generated.
make: *** [string_vector.o] Error 1
15:23:09 **** Incremental Build of configuration Debug for project string_vector ****
make all 
Building file: ../string_vector.c
Invoking: Cross GCC Compiler
gcc -std=c99 -O3 -g3 -Wall -c -fmessage-length=0 -fPIC -MMD -MP -MF"string_vector.d" -MT"string_vector.o" -o "string_vector.o" "../string_vector.c"
../string_vector.c:68:3: warning: implicit declaration of function 'fpritnf' is invalid in C99 [-Wimplicit-function-declaration]
                fpritnf(stderr, "NULL string vector passed for string_vector_can_grow\n");
                ^
../string_vector.c:83:10: error: conflicting types for 'string_vector_grow'
unsigned string_vector_grow(StringVector string_vector) {
         ^
../string_vector.h:45:5: note: previous declaration is here
int string_vector_grow(StringVector string_vector);
    ^
1 warning and 1 error generated.
make: *** [string_vector.o] Error 1
15:23:09 **** Auto Build of configuration Debug for project insertion_sort ****
make -j7 all 
Building target: insertion_sort
Invoking: Cross GCC Linker
gcc -L"/Users/alexandre.mafra/Documents/users/mafra/projetos/algorithms/chapter1/string_vector/Debug" -p -pg -o "insertion_sort"  ./insertion_sort.o   -lstring_vector
clang: warning: argument unused during compilation: '-p'
ld: library not found for -lstring_vector
clang: error: linker command failed with exit code 1 (use -v to see invocation)
make: *** [insertion_sort] Error 1
15:32:21 **** Incremental Build of configuration Debug for project string_vector ****
make all 
Building file: ../string_vector.c
Invoking: Cross GCC Compiler
gcc -std=c99 -O3 -g3 -Wall -c -fmessage-length=0 -fPIC -MMD -MP -MF"string_vector.d" -MT"string_vector.o" -o "string_vector.o" "../string_vector.c"
../string_vector.c:68:3: warning: implicit declaration of function 'fpritnf' is invalid in C99 [-Wimplicit-function-declaration]
                fpritnf(stderr, "NULL string vector passed for string_vector_can_grow\n");
                ^
../string_vector.c:83:10: error: conflicting types for 'string_vector_grow'
unsigned string_vector_grow(StringVector string_vector) {
         ^
../string_vector.h:45:5: note: previous declaration is here
int string_vector_grow(StringVector string_vector);
    ^
1 warning and 1 error generated.
make: *** [string_vector.o] Error 1
15:32:21 **** Incremental Build of configuration Debug for project insertion_sort ****
make -j7 all 
Building target: insertion_sort
Invoking: Cross GCC Linker
gcc -L"/Users/alexandre.mafra/Documents/users/mafra/projetos/algorithms/chapter1/string_vector/Debug" -p -pg -o "insertion_sort"  ./insertion_sort.o   -lstring_vector
clang: warning: argument unused during compilation: '-p'
ld: library not found for -lstring_vector
clang: error: linker command failed with exit code 1 (use -v to see invocation)
make: *** [insertion_sort] Error 1
15:32:59 **** Auto Build of configuration Debug for project insertion_sort ****
make -j7 all 
Building file: ../insertion_sort.c
Invoking: Cross GCC Compiler
gcc -std=c99 -I"/Users/alexandre.mafra/Documents/users/mafra/projetos/algorithms/chapter1/string_vector" -O0 -g3 -p -pg -Wall -Wconversion -c -fmessage-length=0 -fPIC -MMD -MP -MF"insertion_sort.d" -MT"insertion_sort.o" -o "insertion_sort.o" "../insertion_sort.c"
clang: warning: argument unused during compilation: '-p'
Finished building: ../insertion_sort.c
 
Building target: insertion_sort
Invoking: Cross GCC Linker
gcc -L"/Users/alexandre.mafra/Documents/users/mafra/projetos/algorithms/chapter1/string_vector/Debug" -p -pg -o "insertion_sort"  ./insertion_sort.o   -lstring_vector
clang: warning: argument unused during compilation: '-p'
ld: library not found for -lstring_vector
clang: error: linker command failed with exit code 1 (use -v to see invocation)
make: *** [insertion_sort] Error 1
15:33:16 **** Auto Build of configuration Debug for project insertion_sort ****
make -j7 all 
Building target: insertion_sort
Invoking: Cross GCC Linker
gcc -L"/Users/alexandre.mafra/Documents/users/mafra/projetos/algorithms/chapter1/string_vector/Debug" -p -pg -o "insertion_sort"  ./insertion_sort.o   -lstring_vector
clang: warning: argument unused during compilation: '-p'
ld: library not found for -lstring_vector
clang: error: linker command failed with exit code 1 (use -v to see invocation)
make: *** [insertion_sort] Error 1
15:33:21 **** Incremental Build of configuration Debug for project string_vector ****
make all 
Building file: ../string_vector.c
Invoking: Cross GCC Compiler
gcc -std=c99 -O3 -g3 -Wall -c -fmessage-length=0 -fPIC -MMD -MP -MF"string_vector.d" -MT"string_vector.o" -o "string_vector.o" "../string_vector.c"
Finished building: ../string_vector.c
 
Building file: ../string_vector_large.c
Invoking: Cross GCC Compiler
gcc -std=c99 -O3 -g3 -Wall -c -fmessage-length=0 -fPIC -MMD -MP -MF"string_vector_large.d" -MT"string_vector_large.o" -o "string_vector_large.o" "../string_vector_large.c"
../string_vector_large.c:25:72: warning: implicitly declaring library function 'strerror' with type 'char *(int)' [-Wimplicit-function-declaration]
                fprintf(stderr, "Error allocating large string vector blocks: %s\n", strerror(errno));
                                                                                     ^
../string_vector_large.c:25:72: note: include the header <string.h> or explicitly provide a declaration for 'strerror'
../string_vector_large.c:92:22: warning: comparison of unsigned expression < 0 is always false [-Wtautological-compare]
        if (cur_block_index < 0) {
            ~~~~~~~~~~~~~~~ ^ ~
../string_vector_large.c:154:56: error: too few arguments to function call, expected at least 2, have 1
                        fprintf("Error trying to grow large string vector\n");
                        ~~~~~~~                                             ^
2 warnings and 1 error generated.
make: *** [string_vector_large.o] Error 1
15:33:46 **** Auto Build of configuration Debug for project insertion_sort ****
make -j7 all 
Building target: insertion_sort
Invoking: Cross GCC Linker
gcc -L"/Users/alexandre.mafra/Documents/users/mafra/projetos/algorithms/chapter1/string_vector/Debug" -p -pg -o "insertion_sort"  ./insertion_sort.o   -lstring_vector
clang: warning: argument unused during compilation: '-p'
ld: library not found for -lstring_vector
clang: error: linker command failed with exit code 1 (use -v to see invocation)
make: *** [insertion_sort] Error 1
15:33:51 **** Incremental Build of configuration Debug for project string_vector ****
make all 
Building file: ../string_vector_large.c
Invoking: Cross GCC Compiler
gcc -std=c99 -O3 -g3 -Wall -c -fmessage-length=0 -fPIC -MMD -MP -MF"string_vector_large.d" -MT"string_vector_large.o" -o "string_vector_large.o" "../string_vector_large.c"
../string_vector_large.c:25:72: warning: implicitly declaring library function 'strerror' with type 'char *(int)' [-Wimplicit-function-declaration]
                fprintf(stderr, "Error allocating large string vector blocks: %s\n", strerror(errno));
                                                                                     ^
../string_vector_large.c:25:72: note: include the header <string.h> or explicitly provide a declaration for 'strerror'
../string_vector_large.c:154:56: error: too few arguments to function call, expected at least 2, have 1
                        fprintf("Error trying to grow large string vector\n");
                        ~~~~~~~                                             ^
1 warning and 1 error generated.
make: *** [string_vector_large.o] Error 1
15:34:22 **** Auto Build of configuration Debug for project insertion_sort ****
make -j7 all 
Building target: insertion_sort
Invoking: Cross GCC Linker
gcc -L"/Users/alexandre.mafra/Documents/users/mafra/projetos/algorithms/chapter1/string_vector/Debug" -p -pg -o "insertion_sort"  ./insertion_sort.o   -lstring_vector
clang: warning: argument unused during compilation: '-p'
ld: library not found for -lstring_vector
clang: error: linker command failed with exit code 1 (use -v to see invocation)
make: *** [insertion_sort] Error 1
15:34:25 **** Incremental Build of configuration Debug for project string_vector ****
make all 
Building file: ../string_vector_large.c
Invoking: Cross GCC Compiler
gcc -std=c99 -O3 -g3 -Wall -c -fmessage-length=0 -fPIC -MMD -MP -MF"string_vector_large.d" -MT"string_vector_large.o" -o "string_vector_large.o" "../string_vector_large.c"
../string_vector_large.c:155:56: error: too few arguments to function call, expected at least 2, have 1
                        fprintf("Error trying to grow large string vector\n");
                        ~~~~~~~                                             ^
1 error generated.
make: *** [string_vector_large.o] Error 1
15:34:41 **** Auto Build of configuration Debug for project insertion_sort ****
make -j7 all 
Building target: insertion_sort
Invoking: Cross GCC Linker
gcc -L"/Users/alexandre.mafra/Documents/users/mafra/projetos/algorithms/chapter1/string_vector/Debug" -p -pg -o "insertion_sort"  ./insertion_sort.o   -lstring_vector
clang: warning: argument unused during compilation: '-p'
ld: library not found for -lstring_vector
clang: error: linker command failed with exit code 1 (use -v to see invocation)
make: *** [insertion_sort] Error 1
15:34:46 **** Incremental Build of configuration Debug for project string_vector ****
make all 
Building file: ../string_vector_large.c
Invoking: Cross GCC Compiler
gcc -std=c99 -O3 -g3 -Wall -c -fmessage-length=0 -fPIC -MMD -MP -MF"string_vector_large.d" -MT"string_vector_large.o" -o "string_vector_large.o" "../string_vector_large.c"
Finished building: ../string_vector_large.c
 
Building target: libstring_vector.so
Invoking: Cross GCC Linker
gcc -shared -o "libstring_vector.so"  ./string_vector.o ./string_vector_large.o   
Undefined symbols for architecture x86_64:
  "_string_vector_large_free", referenced from:
      _string_vector_large_allocate_first_block in string_vector_large.o
ld: symbol(s) not found for architecture x86_64
clang: error: linker command failed with exit code 1 (use -v to see invocation)
make: *** [libstring_vector.so] Error 1
16:17:02 **** Auto Build of configuration Debug for project insertion_sort ****
make -j7 all 
Building target: insertion_sort
Invoking: Cross GCC Linker
gcc -L"/Users/alexandre.mafra/Documents/users/mafra/projetos/algorithms/chapter1/string_vector/Debug" -p -pg -o "insertion_sort"  ./insertion_sort.o   -lstring_vector
clang: warning: argument unused during compilation: '-p'
ld: library not found for -lstring_vector
clang: error: linker command failed with exit code 1 (use -v to see invocation)
make: *** [insertion_sort] Error 1
19:51:52 **** Clean-only build of configuration Debug for project string_vector ****
make clean 
rm -rf  ./string_vector.o ./string_vector_large.o  ./string_vector.d ./string_vector_large.d  libstring_vector.so
 
19:51:52 **** Auto Build of configuration Debug for project insertion_sort ****
make -j7 all 
Building target: insertion_sort
Invoking: Cross GCC Linker
gcc -L"/Users/alexandre.mafra/Documents/users/mafra/projetos/algorithms/chapter1/string_vector/Debug" -p -pg -o "insertion_sort"  ./insertion_sort.o   -lstring_vector
clang: warning: argument unused during compilation: '-p'
ld: library not found for -lstring_vector
clang: error: linker command failed with exit code 1 (use -v to see invocation)
make: *** [insertion_sort] Error 1
19:52:03 **** Build of configuration Debug for project string_vector ****
make all 
Building file: ../string_vector.c
Invoking: Cross GCC Compiler
gcc -std=c99 -O3 -g3 -Wall -c -fmessage-length=0 -fPIC -MMD -MP -MF"string_vector.d" -MT"string_vector.o" -o "string_vector.o" "../string_vector.c"
Finished building: ../string_vector.c
 
Building file: ../string_vector_large.c
Invoking: Cross GCC Compiler
gcc -std=c99 -O3 -g3 -Wall -c -fmessage-length=0 -fPIC -MMD -MP -MF"string_vector_large.d" -MT"string_vector_large.o" -o "string_vector_large.o" "../string_vector_large.c"
../string_vector_large.c:230:82: error: expected ')'
                fprintf(stderr, "NULL string_vector_larged passed to string_vector_large_get()"\n);
                                                                                               ^
../string_vector_large.c:230:10: note: to match this '('
                fprintf(stderr, "NULL string_vector_larged passed to string_vector_large_get()"\n);
                       ^
../string_vector_large.c:236:5: warning: format specifies type 'int' but the argument has type 'unsigned long' [-Wformat]
                                string_vector_large->num_elements);
                                ^~~~~~~~~~~~~~~~~~~~~~~~~~~~~~~~~
../string_vector_large.c:240:33: error: expected ';' at end of declaration
        unsigned block_index = position div __MEM_BLOCK_SIZE_MAX_;
                                       ^
                                       ;
../string_vector_large.c:241:35: error: expected ';' at end of declaration
        unsigned element_index = position mod __MEM_BLOCK_SIZE_MAX_ - 1;
                                         ^
                                         ;
../string_vector_large.c:243:15: error: initializing 'StringVector' (aka 'string_vector_struct *') with an expression of incompatible type 'string_vector_large_struct'
        StringVector string_vector_pos = string_vector_large[block_index];
                     ^                   ~~~~~~~~~~~~~~~~~~~~~~~~~~~~~~~~
../string_vector_large.c:247:10: warning: incompatible integer to pointer conversion returning 'int' from a function with result type 'char *' [-Wint-conversion]
                return EXIT_FAILURE;
                       ^~~~~~~~~~~~
/usr/include/stdlib.h:101:22: note: expanded from macro 'EXIT_FAILURE'
#define EXIT_FAILURE    1
                        ^
2 warnings and 4 errors generated.
make: *** [string_vector_large.o] Error 1
19:52:43 **** Auto Build of configuration Debug for project insertion_sort ****
make -j7 all 
Building target: insertion_sort
Invoking: Cross GCC Linker
gcc -L"/Users/alexandre.mafra/Documents/users/mafra/projetos/algorithms/chapter1/string_vector/Debug" -p -pg -o "insertion_sort"  ./insertion_sort.o   -lstring_vector
clang: warning: argument unused during compilation: '-p'
ld: library not found for -lstring_vector
clang: error: linker command failed with exit code 1 (use -v to see invocation)
make: *** [insertion_sort] Error 1
19:53:11 **** Auto Build of configuration Debug for project insertion_sort ****
make -j7 all 
Building target: insertion_sort
Invoking: Cross GCC Linker
gcc -L"/Users/alexandre.mafra/Documents/users/mafra/projetos/algorithms/chapter1/string_vector/Debug" -p -pg -o "insertion_sort"  ./insertion_sort.o   -lstring_vector
clang: warning: argument unused during compilation: '-p'
ld: library not found for -lstring_vector
clang: error: linker command failed with exit code 1 (use -v to see invocation)
make: *** [insertion_sort] Error 1
19:53:16 **** Incremental Build of configuration Debug for project string_vector ****
make all 
Building file: ../string_vector_large.c
Invoking: Cross GCC Compiler
gcc -std=c99 -O3 -g3 -Wall -c -fmessage-length=0 -fPIC -MMD -MP -MF"string_vector_large.d" -MT"string_vector_large.o" -o "string_vector_large.o" "../string_vector_large.c"
../string_vector_large.c:230:82: error: expected ')'
                fprintf(stderr, "NULL string_vector_larged passed to string_vector_large_get()"\n);
                                                                                               ^
../string_vector_large.c:230:10: note: to match this '('
                fprintf(stderr, "NULL string_vector_larged passed to string_vector_large_get()"\n);
                       ^
../string_vector_large.c:235:102: warning: format specifies type 'long' but the argument has type 'unsigned int' [-Wformat]
                fprintf(stderr, "Array index out of bounds for StringValueLarge (position: %ld, elements: %ld)\n", position,
                                                                                           ~~~                     ^~~~~~~~
                                                                                           %u
../string_vector_large.c:240:33: error: expected ';' at end of declaration
        unsigned block_index = position div __MEM_BLOCK_SIZE_MAX_;
                                       ^
                                       ;
../string_vector_large.c:241:35: error: expected ';' at end of declaration
        unsigned element_index = position mod __MEM_BLOCK_SIZE_MAX_ - 1;
                                         ^
                                         ;
../string_vector_large.c:243:15: error: initializing 'StringVector' (aka 'string_vector_struct *') with an expression of incompatible type 'string_vector_large_struct'
        StringVector string_vector_pos = string_vector_large[block_index];
                     ^                   ~~~~~~~~~~~~~~~~~~~~~~~~~~~~~~~~
1 warning and 4 errors generated.
make: *** [string_vector_large.o] Error 1
19:54:27 **** Auto Build of configuration Debug for project insertion_sort ****
make -j7 all 
Building target: insertion_sort
Invoking: Cross GCC Linker
gcc -L"/Users/alexandre.mafra/Documents/users/mafra/projetos/algorithms/chapter1/string_vector/Debug" -p -pg -o "insertion_sort"  ./insertion_sort.o   -lstring_vector
clang: warning: argument unused during compilation: '-p'
ld: library not found for -lstring_vector
clang: error: linker command failed with exit code 1 (use -v to see invocation)
make: *** [insertion_sort] Error 1
19:54:35 **** Incremental Build of configuration Debug for project string_vector ****
make all 
Building file: ../string_vector_large.c
Invoking: Cross GCC Compiler
gcc -std=c99 -O3 -g3 -Wall -c -fmessage-length=0 -fPIC -MMD -MP -MF"string_vector_large.d" -MT"string_vector_large.o" -o "string_vector_large.o" "../string_vector_large.c"
../string_vector_large.c:240:33: error: expected ';' at end of declaration
        unsigned block_index = position div __MEM_BLOCK_SIZE_MAX_;
                                       ^
                                       ;
../string_vector_large.c:241:35: error: expected ';' at end of declaration
        unsigned element_index = position mod __MEM_BLOCK_SIZE_MAX_ - 1;
                                         ^
                                         ;
../string_vector_large.c:243:15: error: initializing 'StringVector' (aka 'string_vector_struct *') with an expression of incompatible type 'string_vector_large_struct'
        StringVector string_vector_pos = string_vector_large[block_index];
                     ^                   ~~~~~~~~~~~~~~~~~~~~~~~~~~~~~~~~
3 errors generated.
make: *** [string_vector_large.o] Error 1
19:55:04 **** Auto Build of configuration Debug for project insertion_sort ****
make -j7 all 
Building target: insertion_sort
Invoking: Cross GCC Linker
gcc -L"/Users/alexandre.mafra/Documents/users/mafra/projetos/algorithms/chapter1/string_vector/Debug" -p -pg -o "insertion_sort"  ./insertion_sort.o   -lstring_vector
clang: warning: argument unused during compilation: '-p'
ld: library not found for -lstring_vector
clang: error: linker command failed with exit code 1 (use -v to see invocation)
make: *** [insertion_sort] Error 1
19:55:06 **** Incremental Build of configuration Debug for project string_vector ****
make all 
Building file: ../string_vector_large.c
Invoking: Cross GCC Compiler
gcc -std=c99 -O3 -g3 -Wall -c -fmessage-length=0 -fPIC -MMD -MP -MF"string_vector_large.d" -MT"string_vector_large.o" -o "string_vector_large.o" "../string_vector_large.c"
../string_vector_large.c:243:15: error: initializing 'StringVector' (aka 'string_vector_struct *') with an expression of incompatible type 'string_vector_large_struct'
        StringVector string_vector_pos = string_vector_large[block_index];
                     ^                   ~~~~~~~~~~~~~~~~~~~~~~~~~~~~~~~~
1 error generated.
make: *** [string_vector_large.o] Error 1
20:27:16 **** Auto Build of configuration Debug for project insertion_sort ****
make -j7 all 
Building target: insertion_sort
Invoking: Cross GCC Linker
gcc -L"/Users/alexandre.mafra/Documents/users/mafra/projetos/algorithms/chapter1/string_vector/Debug" -p -pg -o "insertion_sort"  ./insertion_sort.o   -lstring_vector
clang: warning: argument unused during compilation: '-p'
ld: library not found for -lstring_vector
clang: error: linker command failed with exit code 1 (use -v to see invocation)
make: *** [insertion_sort] Error 1
20:28:23 **** Auto Build of configuration Debug for project insertion_sort ****
make -j7 all 
Building target: insertion_sort
Invoking: Cross GCC Linker
gcc -L"/Users/alexandre.mafra/Documents/users/mafra/projetos/algorithms/chapter1/string_vector/Debug" -p -pg -o "insertion_sort"  ./insertion_sort.o   -lstring_vector
clang: warning: argument unused during compilation: '-p'
ld: library not found for -lstring_vector
clang: error: linker command failed with exit code 1 (use -v to see invocation)
make: *** [insertion_sort] Error 1
20:28:26 **** Incremental Build of configuration Debug for project string_vector ****
make all 
Building file: ../string_vector_large.c
Invoking: Cross GCC Compiler
gcc -std=c99 -O3 -g3 -Wall -c -fmessage-length=0 -fPIC -MMD -MP -MF"string_vector_large.d" -MT"string_vector_large.o" -o "string_vector_large.o" "../string_vector_large.c"
../string_vector_large.c:251:9: error: returning 'string_vector_struct' from a function with incompatible result type 'char *'
        return string_vector_pos[element_index];
               ^~~~~~~~~~~~~~~~~~~~~~~~~~~~~~~~
1 error generated.
make: *** [string_vector_large.o] Error 1
20:28:57 **** Auto Build of configuration Debug for project insertion_sort ****
make -j7 all 
Building target: insertion_sort
Invoking: Cross GCC Linker
gcc -L"/Users/alexandre.mafra/Documents/users/mafra/projetos/algorithms/chapter1/string_vector/Debug" -p -pg -o "insertion_sort"  ./insertion_sort.o   -lstring_vector
clang: warning: argument unused during compilation: '-p'
ld: library not found for -lstring_vector
clang: error: linker command failed with exit code 1 (use -v to see invocation)
make: *** [insertion_sort] Error 1
20:29:21 **** Incremental Build of configuration Debug for project string_vector ****
make all 
Building file: ../string_vector_large.c
Invoking: Cross GCC Compiler
gcc -std=c99 -O3 -g3 -Wall -c -fmessage-length=0 -fPIC -MMD -MP -MF"string_vector_large.d" -MT"string_vector_large.o" -o "string_vector_large.o" "../string_vector_large.c"
Finished building: ../string_vector_large.c
 
Building target: libstring_vector.so
Invoking: Cross GCC Linker
gcc -shared -o "libstring_vector.so"  ./string_vector.o ./string_vector_large.o   
Undefined symbols for architecture x86_64:
  "_string_vector_large_free", referenced from:
      _string_vector_large_allocate_first_block in string_vector_large.o
ld: symbol(s) not found for architecture x86_64
clang: error: linker command failed with exit code 1 (use -v to see invocation)
make: *** [libstring_vector.so] Error 1
20:35:44 **** Auto Build of configuration Debug for project insertion_sort ****
make -j7 all 
Building target: insertion_sort
Invoking: Cross GCC Linker
gcc -L"/Users/alexandre.mafra/Documents/users/mafra/projetos/algorithms/chapter1/string_vector/Debug" -p -pg -o "insertion_sort"  ./insertion_sort.o   -lstring_vector
clang: warning: argument unused during compilation: '-p'
ld: library not found for -lstring_vector
clang: error: linker command failed with exit code 1 (use -v to see invocation)
make: *** [insertion_sort] Error 1
20:37:46 **** Auto Build of configuration Debug for project insertion_sort ****
make -j7 all 
Building target: insertion_sort
Invoking: Cross GCC Linker
gcc -L"/Users/alexandre.mafra/Documents/users/mafra/projetos/algorithms/chapter1/string_vector/Debug" -p -pg -o "insertion_sort"  ./insertion_sort.o   -lstring_vector
clang: warning: argument unused during compilation: '-p'
ld: library not found for -lstring_vector
clang: error: linker command failed with exit code 1 (use -v to see invocation)
make: *** [insertion_sort] Error 1
20:37:49 **** Incremental Build of configuration Debug for project string_vector ****
make all 
Building file: ../string_vector_large.c
Invoking: Cross GCC Compiler
gcc -std=c99 -O3 -g3 -Wall -c -fmessage-length=0 -fPIC -MMD -MP -MF"string_vector_large.d" -MT"string_vector_large.o" -o "string_vector_large.o" "../string_vector_large.c"
Finished building: ../string_vector_large.c
 
Building target: libstring_vector.so
Invoking: Cross GCC Linker
gcc -shared -o "libstring_vector.so"  ./string_vector.o ./string_vector_large.o   
Finished building target: libstring_vector.so
 
20:52:39 **** Clean-only build of configuration Debug for project insertion_sort ****
make -j7 clean 
rm -rf  ./insertion_sort.o  ./insertion_sort.d  insertion_sort
 
20:52:39 **** Build of configuration Debug for project insertion_sort ****
make -j7 all 
Building file: ../insertion_sort.c
Invoking: Cross GCC Compiler
gcc -std=c99 -I"/Users/alexandre.mafra/Documents/users/mafra/projetos/algorithms/chapter1/string_vector" -O0 -g3 -p -pg -Wall -Wconversion -c -fmessage-length=0 -fPIC -MMD -MP -MF"insertion_sort.d" -MT"insertion_sort.o" -o "insertion_sort.o" "../insertion_sort.c"
clang: warning: argument unused during compilation: '-p'
Finished building: ../insertion_sort.c
 
Building target: insertion_sort
Invoking: Cross GCC Linker
gcc -L"/Users/alexandre.mafra/Documents/users/mafra/projetos/algorithms/chapter1/string_vector/Debug" -p -pg -o "insertion_sort"  ./insertion_sort.o   -lstring_vector
clang: warning: argument unused during compilation: '-p'
Finished building target: insertion_sort
 
20:55:34 **** Auto Build of configuration Debug for project insertion_sort ****
make -j7 all 
Building file: ../insertion_sort.c
Invoking: Cross GCC Compiler
gcc -std=c99 -I"/Users/alexandre.mafra/Documents/users/mafra/projetos/algorithms/chapter1/string_vector" -O0 -g3 -p -pg -Wall -Wconversion -c -fmessage-length=0 -fPIC -MMD -MP -MF"insertion_sort.d" -MT"insertion_sort.o" -o "insertion_sort.o" "../insertion_sort.c"
clang: warning: argument unused during compilation: '-p'
../insertion_sort.c:23:1: error: unknown type name 'StringVectorLarge'; did you mean 'StringVector'?
StringVectorLarge read_input_file(char *file_name) {
^~~~~~~~~~~~~~~~~
StringVector
/Users/alexandre.mafra/Documents/users/mafra/projetos/algorithms/chapter1/string_vector/string_vector.h:30:31: note: 'StringVector' declared here
typedef string_vector_struct *StringVector;
                              ^
../insertion_sort.c:37:2: error: unknown type name 'StringVectorLarge'; did you mean 'StringVector'?
        StringVectorLarge string_vector_large = string_vector_large_create();
        ^~~~~~~~~~~~~~~~~
        StringVector
/Users/alexandre.mafra/Documents/users/mafra/projetos/algorithms/chapter1/string_vector/string_vector.h:30:31: note: 'StringVector' declared here
typedef string_vector_struct *StringVector;
                              ^
../insertion_sort.c:37:42: warning: implicit declaration of function 'string_vector_large_create' is invalid in C99 [-Wimplicit-function-declaration]
        StringVectorLarge string_vector_large = string_vector_large_create();
                                                ^
../insertion_sort.c:37:20: warning: incompatible integer to pointer conversion initializing 'StringVector' (aka 'string_vector_struct *') with an expression of type 'int' [-Wint-conversion]
        StringVectorLarge string_vector_large = string_vector_large_create();
                          ^                     ~~~~~~~~~~~~~~~~~~~~~~~~~~~~
../insertion_sort.c:44:7: warning: implicit declaration of function 'string_vector_large_add' is invalid in C99 [-Wimplicit-function-declaration]
                if (string_vector_large_add(string_vector_large, buffer) != EXIT_SUCCESS) {
                    ^
../insertion_sort.c:46:4: warning: implicit declaration of function 'string_vector_large_free' is invalid in C99 [-Wimplicit-function-declaration]
                        string_vector_large_free(string_vector_large);
                        ^
../insertion_sort.c:70:2: error: unknown type name 'StringVectorLarge'; did you mean 'StringVector'?
        StringVectorLarge string_vector_large = read_input_file(argv[1]);
        ^~~~~~~~~~~~~~~~~
        StringVector
/Users/alexandre.mafra/Documents/users/mafra/projetos/algorithms/chapter1/string_vector/string_vector.h:30:31: note: 'StringVector' declared here
typedef string_vector_struct *StringVector;
                              ^
4 warnings and 3 errors generated.
make: *** [insertion_sort.o] Error 1
20:56:20 **** Auto Build of configuration Debug for project insertion_sort ****
make -j7 all 
Building file: ../insertion_sort.c
Invoking: Cross GCC Compiler
gcc -std=c99 -I"/Users/alexandre.mafra/Documents/users/mafra/projetos/algorithms/chapter1/string_vector" -O0 -g3 -p -pg -Wall -Wconversion -c -fmessage-length=0 -fPIC -MMD -MP -MF"insertion_sort.d" -MT"insertion_sort.o" -o "insertion_sort.o" "../insertion_sort.c"
clang: warning: argument unused during compilation: '-p'
../insertion_sort.c:53:28: warning: format specifies type 'int' but the argument has type 'unsigned long' [-Wformat]
        printf("Read %d lines\n", string_vector_large->num_elements);
                     ~~           ^~~~~~~~~~~~~~~~~~~~~~~~~~~~~~~~~
                     %lu
../insertion_sort.c:88:34: warning: incompatible pointer types passing 'StringVectorLarge' (aka 'string_vector_large_struct *') to parameter of type 'StringVector' (aka 'string_vector_struct *') [-Wincompatible-pointer-types]
                                && (strcmp(string_vector_get(string_vector_large, j),
                                                             ^~~~~~~~~~~~~~~~~~~
/Users/alexandre.mafra/Documents/users/mafra/projetos/algorithms/chapter1/string_vector/string_vector.h:55:38: note: passing argument to parameter 'strVec' here
char *string_vector_get(StringVector strVec, unsigned position);
                                     ^
../insertion_sort.c:89:25: warning: incompatible pointer types passing 'StringVectorLarge' (aka 'string_vector_large_struct *') to parameter of type 'StringVector' (aka 'string_vector_struct *') [-Wincompatible-pointer-types]
                                                string_vector_get(string_vector_large, j - 1)) < 0)) {
                                                                  ^~~~~~~~~~~~~~~~~~~
/Users/alexandre.mafra/Documents/users/mafra/projetos/algorithms/chapter1/string_vector/string_vector.h:55:38: note: passing argument to parameter 'strVec' here
char *string_vector_get(StringVector strVec, unsigned position);
                                     ^
../insertion_sort.c:90:23: warning: incompatible pointer types passing 'StringVectorLarge' (aka 'string_vector_large_struct *') to parameter of type 'StringVector' (aka 'string_vector_struct *') [-Wincompatible-pointer-types]
                        string_vector_swap(string_vector_large, j, j - 1);
                                           ^~~~~~~~~~~~~~~~~~~
/Users/alexandre.mafra/Documents/users/mafra/projetos/algorithms/chapter1/string_vector/string_vector.h:60:37: note: passing argument to parameter 'strVec' here
int string_vector_swap(StringVector strVec, unsigned position1, unsigned position2);
                                    ^
../insertion_sort.c:100:36: warning: incompatible pointer types passing 'StringVectorLarge' (aka 'string_vector_large_struct *') to parameter of type 'StringVector' (aka 'string_vector_struct *') [-Wincompatible-pointer-types]
                printf("%s\n", string_vector_get(string_vector_large, i));
                                                 ^~~~~~~~~~~~~~~~~~~
/Users/alexandre.mafra/Documents/users/mafra/projetos/algorithms/chapter1/string_vector/string_vector.h:55:38: note: passing argument to parameter 'strVec' here
char *string_vector_get(StringVector strVec, unsigned position);
                                     ^
../insertion_sort.c:103:21: warning: incompatible pointer types passing 'StringVectorLarge' (aka 'string_vector_large_struct *') to parameter of type 'StringVector' (aka 'string_vector_struct *') [-Wincompatible-pointer-types]
        string_vector_free(string_vector_large);
                           ^~~~~~~~~~~~~~~~~~~
/Users/alexandre.mafra/Documents/users/mafra/projetos/algorithms/chapter1/string_vector/string_vector.h:65:38: note: passing argument to parameter 'strVec' here
void string_vector_free(StringVector strVec);
                                     ^
../insertion_sort.c:76:47: warning: implicit conversion loses integer precision: 'unsigned long' to 'unsigned int' [-Wshorten-64-to-32]
        unsigned num_elements = string_vector_large->num_elements;
                 ~~~~~~~~~~~~   ~~~~~~~~~~~~~~~~~~~~~^~~~~~~~~~~~
7 warnings generated.
Finished building: ../insertion_sort.c
 
Building target: insertion_sort
Invoking: Cross GCC Linker
gcc -L"/Users/alexandre.mafra/Documents/users/mafra/projetos/algorithms/chapter1/string_vector/Debug" -p -pg -o "insertion_sort"  ./insertion_sort.o   -lstring_vector
clang: warning: argument unused during compilation: '-p'
Finished building target: insertion_sort
 
20:56:37 **** Auto Build of configuration Debug for project insertion_sort ****
make -j7 all 
Building file: ../insertion_sort.c
Invoking: Cross GCC Compiler
gcc -std=c99 -I"/Users/alexandre.mafra/Documents/users/mafra/projetos/algorithms/chapter1/string_vector" -O0 -g3 -p -pg -Wall -Wconversion -c -fmessage-length=0 -fPIC -MMD -MP -MF"insertion_sort.d" -MT"insertion_sort.o" -o "insertion_sort.o" "../insertion_sort.c"
clang: warning: argument unused during compilation: '-p'
../insertion_sort.c:88:34: warning: incompatible pointer types passing 'StringVectorLarge' (aka 'string_vector_large_struct *') to parameter of type 'StringVector' (aka 'string_vector_struct *') [-Wincompatible-pointer-types]
                                && (strcmp(string_vector_get(string_vector_large, j),
                                                             ^~~~~~~~~~~~~~~~~~~
/Users/alexandre.mafra/Documents/users/mafra/projetos/algorithms/chapter1/string_vector/string_vector.h:55:38: note: passing argument to parameter 'strVec' here
char *string_vector_get(StringVector strVec, unsigned position);
                                     ^
../insertion_sort.c:89:25: warning: incompatible pointer types passing 'StringVectorLarge' (aka 'string_vector_large_struct *') to parameter of type 'StringVector' (aka 'string_vector_struct *') [-Wincompatible-pointer-types]
                                                string_vector_get(string_vector_large, j - 1)) < 0)) {
                                                                  ^~~~~~~~~~~~~~~~~~~
/Users/alexandre.mafra/Documents/users/mafra/projetos/algorithms/chapter1/string_vector/string_vector.h:55:38: note: passing argument to parameter 'strVec' here
char *string_vector_get(StringVector strVec, unsigned position);
                                     ^
../insertion_sort.c:90:23: warning: incompatible pointer types passing 'StringVectorLarge' (aka 'string_vector_large_struct *') to parameter of type 'StringVector' (aka 'string_vector_struct *') [-Wincompatible-pointer-types]
                        string_vector_swap(string_vector_large, j, j - 1);
                                           ^~~~~~~~~~~~~~~~~~~
/Users/alexandre.mafra/Documents/users/mafra/projetos/algorithms/chapter1/string_vector/string_vector.h:60:37: note: passing argument to parameter 'strVec' here
int string_vector_swap(StringVector strVec, unsigned position1, unsigned position2);
                                    ^
../insertion_sort.c:100:36: warning: incompatible pointer types passing 'StringVectorLarge' (aka 'string_vector_large_struct *') to parameter of type 'StringVector' (aka 'string_vector_struct *') [-Wincompatible-pointer-types]
                printf("%s\n", string_vector_get(string_vector_large, i));
                                                 ^~~~~~~~~~~~~~~~~~~
/Users/alexandre.mafra/Documents/users/mafra/projetos/algorithms/chapter1/string_vector/string_vector.h:55:38: note: passing argument to parameter 'strVec' here
char *string_vector_get(StringVector strVec, unsigned position);
                                     ^
../insertion_sort.c:103:21: warning: incompatible pointer types passing 'StringVectorLarge' (aka 'string_vector_large_struct *') to parameter of type 'StringVector' (aka 'string_vector_struct *') [-Wincompatible-pointer-types]
        string_vector_free(string_vector_large);
                           ^~~~~~~~~~~~~~~~~~~
/Users/alexandre.mafra/Documents/users/mafra/projetos/algorithms/chapter1/string_vector/string_vector.h:65:38: note: passing argument to parameter 'strVec' here
void string_vector_free(StringVector strVec);
                                     ^
../insertion_sort.c:76:47: warning: implicit conversion loses integer precision: 'unsigned long' to 'unsigned int' [-Wshorten-64-to-32]
        unsigned num_elements = string_vector_large->num_elements;
                 ~~~~~~~~~~~~   ~~~~~~~~~~~~~~~~~~~~~^~~~~~~~~~~~
6 warnings generated.
Finished building: ../insertion_sort.c
 
Building target: insertion_sort
Invoking: Cross GCC Linker
gcc -L"/Users/alexandre.mafra/Documents/users/mafra/projetos/algorithms/chapter1/string_vector/Debug" -p -pg -o "insertion_sort"  ./insertion_sort.o   -lstring_vector
clang: warning: argument unused during compilation: '-p'
Finished building target: insertion_sort
 
20:57:28 **** Auto Build of configuration Debug for project insertion_sort ****
make -j7 all 
Building file: ../insertion_sort.c
Invoking: Cross GCC Compiler
gcc -std=c99 -I"/Users/alexandre.mafra/Documents/users/mafra/projetos/algorithms/chapter1/string_vector" -O0 -g3 -p -pg -Wall -Wconversion -c -fmessage-length=0 -fPIC -MMD -MP -MF"insertion_sort.d" -MT"insertion_sort.o" -o "insertion_sort.o" "../insertion_sort.c"
clang: warning: argument unused during compilation: '-p'
../insertion_sort.c:90:23: warning: incompatible pointer types passing 'StringVectorLarge' (aka 'string_vector_large_struct *') to parameter of type 'StringVector' (aka 'string_vector_struct *') [-Wincompatible-pointer-types]
                        string_vector_swap(string_vector_large, j, j - 1);
                                           ^~~~~~~~~~~~~~~~~~~
/Users/alexandre.mafra/Documents/users/mafra/projetos/algorithms/chapter1/string_vector/string_vector.h:60:37: note: passing argument to parameter 'strVec' here
int string_vector_swap(StringVector strVec, unsigned position1, unsigned position2);
                                    ^
../insertion_sort.c:76:47: warning: implicit conversion loses integer precision: 'unsigned long' to 'unsigned int' [-Wshorten-64-to-32]
        unsigned num_elements = string_vector_large->num_elements;
                 ~~~~~~~~~~~~   ~~~~~~~~~~~~~~~~~~~~~^~~~~~~~~~~~
2 warnings generated.
Finished building: ../insertion_sort.c
 
Building target: insertion_sort
Invoking: Cross GCC Linker
gcc -L"/Users/alexandre.mafra/Documents/users/mafra/projetos/algorithms/chapter1/string_vector/Debug" -p -pg -o "insertion_sort"  ./insertion_sort.o   -lstring_vector
clang: warning: argument unused during compilation: '-p'
Finished building target: insertion_sort
 
20:58:39 **** Auto Build of configuration Debug for project insertion_sort ****
make -j7 all 
Building file: ../insertion_sort.c
Invoking: Cross GCC Compiler
gcc -std=c99 -I"/Users/alexandre.mafra/Documents/users/mafra/projetos/algorithms/chapter1/string_vector" -O0 -g3 -p -pg -Wall -Wconversion -c -fmessage-length=0 -fPIC -MMD -MP -MF"insertion_sort.d" -MT"insertion_sort.o" -o "insertion_sort.o" "../insertion_sort.c"
clang: warning: argument unused during compilation: '-p'
../insertion_sort.c:79:34: warning: format specifies type 'int' but the argument has type 'unsigned long' [-Wformat]
        printf("Sorting %d elements\n", num_elements);
                        ~~              ^~~~~~~~~~~~
                        %lu
../insertion_sort.c:90:4: warning: implicit declaration of function 'string_vector_long_swap' is invalid in C99 [-Wimplicit-function-declaration]
                        string_vector_long_swap(string_vector_large, j, j - 1);
                        ^
2 warnings generated.
Finished building: ../insertion_sort.c
 
Building target: insertion_sort
Invoking: Cross GCC Linker
gcc -L"/Users/alexandre.mafra/Documents/users/mafra/projetos/algorithms/chapter1/string_vector/Debug" -p -pg -o "insertion_sort"  ./insertion_sort.o   -lstring_vector
clang: warning: argument unused during compilation: '-p'
Undefined symbols for architecture x86_64:
  "_string_vector_long_swap", referenced from:
      _main in insertion_sort.o
ld: symbol(s) not found for architecture x86_64
clang: error: linker command failed with exit code 1 (use -v to see invocation)
make: *** [insertion_sort] Error 1
20:59:03 **** Auto Build of configuration Debug for project insertion_sort ****
make -j7 all 
Building file: ../insertion_sort.c
Invoking: Cross GCC Compiler
gcc -std=c99 -I"/Users/alexandre.mafra/Documents/users/mafra/projetos/algorithms/chapter1/string_vector" -O0 -g3 -p -pg -Wall -Wconversion -c -fmessage-length=0 -fPIC -MMD -MP -MF"insertion_sort.d" -MT"insertion_sort.o" -o "insertion_sort.o" "../insertion_sort.c"
clang: warning: argument unused during compilation: '-p'
../insertion_sort.c:90:4: warning: implicit declaration of function 'string_vector_long_swap' is invalid in C99 [-Wimplicit-function-declaration]
                        string_vector_long_swap(string_vector_large, j, j - 1);
                        ^
1 warning generated.
Finished building: ../insertion_sort.c
 
Building target: insertion_sort
Invoking: Cross GCC Linker
gcc -L"/Users/alexandre.mafra/Documents/users/mafra/projetos/algorithms/chapter1/string_vector/Debug" -p -pg -o "insertion_sort"  ./insertion_sort.o   -lstring_vector
clang: warning: argument unused during compilation: '-p'
Undefined symbols for architecture x86_64:
  "_string_vector_long_swap", referenced from:
      _main in insertion_sort.o
ld: symbol(s) not found for architecture x86_64
clang: error: linker command failed with exit code 1 (use -v to see invocation)
make: *** [insertion_sort] Error 1
